<?xml version="1.0" encoding="UTF-8"?>
<!-- Generated by org.testng.reporters.JUnitReportReporter -->
<testsuite skipped="0" hostname="DESKTOP-V2QMC28" name="com.w2a.testcases.BankManagerLoginTest" tests="1" failures="0" timestamp="09 Mar 2020 20:05:43 GMT" time="0.864" errors="0">
  <testcase name="loginAsBankManager" time="0.864" classname="com.w2a.testcases.BankManagerLoginTest"/>
</testsuite> <!-- com.w2a.testcases.BankManagerLoginTest -->
