<?xml version="1.0" encoding="UTF-8"?>
<!-- Generated by org.testng.reporters.JUnitReportReporter -->
<testsuite skipped="0" hostname="DESKTOP-V2QMC28" name="com.w2a.testcases.AddCustomerTest" tests="3" failures="0" timestamp="09 Mar 2020 20:05:43 GMT" time="2.417" errors="0">
  <testcase name="addCustomer" time="0.616" classname="com.w2a.testcases.AddCustomerTest"/>
  <testcase name="addCustomer" time="1.099" classname="com.w2a.testcases.AddCustomerTest"/>
  <testcase name="addCustomer" time="0.702" classname="com.w2a.testcases.AddCustomerTest"/>
</testsuite> <!-- com.w2a.testcases.AddCustomerTest -->
