<?xml version="1.0" encoding="UTF-8"?>
<!-- Generated by org.testng.reporters.JUnitReportReporter -->
<testsuite skipped="0" hostname="DESKTOP-V2QMC28" name="com.w2a.testcases.LoginTest" tests="1" failures="0" timestamp="07 Mar 2020 16:49:44 GMT" time="1.319" errors="0">
  <testcase name="loginAsBankManager" time="1.319" classname="com.w2a.testcases.LoginTest"/>
</testsuite> <!-- com.w2a.testcases.LoginTest -->
