<?xml version="1.0" encoding="UTF-8"?>
<!-- Generated by org.testng.reporters.JUnitReportReporter -->
<testsuite skipped="0" hostname="DESKTOP-TA703BO" name="com.w2a.testcases.BankManagerLoginTest" tests="1" failures="0" timestamp="10 Mar 2020 00:20:22 GMT" time="0.662" errors="0">
  <testcase name="loginAsBankManager" time="0.662" classname="com.w2a.testcases.BankManagerLoginTest"/>
</testsuite> <!-- com.w2a.testcases.BankManagerLoginTest -->
