<?xml version="1.0" encoding="UTF-8"?>
<!-- Generated by org.testng.reporters.JUnitReportReporter -->
<testsuite skipped="0" hostname="DESKTOP-TA703BO" name="com.w2a.testcases.AddCustomerTest" tests="3" failures="0" timestamp="10 Mar 2020 00:20:22 GMT" time="1.945" errors="0">
  <testcase name="addCustomer" time="0.581" classname="com.w2a.testcases.AddCustomerTest"/>
  <testcase name="addCustomer" time="0.858" classname="com.w2a.testcases.AddCustomerTest"/>
  <testcase name="addCustomer" time="0.506" classname="com.w2a.testcases.AddCustomerTest"/>
</testsuite> <!-- com.w2a.testcases.AddCustomerTest -->
