<?xml version="1.0" encoding="UTF-8"?>
<!-- Generated by org.testng.reporters.JUnitReportReporter -->
<testsuite skipped="0" hostname="DESKTOP-V2QMC28" name="com.w2a.testcases.AddCustomerTest" tests="3" failures="0" timestamp="09 Mar 2020 20:22:03 GMT" time="2.918" errors="0">
  <testcase name="addCustomer" time="0.735" classname="com.w2a.testcases.AddCustomerTest"/>
  <testcase name="addCustomer" time="0.664" classname="com.w2a.testcases.AddCustomerTest"/>
  <testcase name="addCustomer" time="1.519" classname="com.w2a.testcases.AddCustomerTest"/>
</testsuite> <!-- com.w2a.testcases.AddCustomerTest -->
